<?xml version="1.0" encoding="UTF-8"?>
<!-- Generated by org.testng.reporters.JUnitXMLReporter -->
<testsuite ignored="0" hostname="DESKTOP-9M7TNVB" failures="1" tests="1" name="Regression 1" time="4.074" errors="0" timestamp="2022-11-18T15:40:59 IST">
  <testcase classname="www.logytalks.com.RegistrationTest" name="registration" time="0.0">
    <failure type="java.lang.RuntimeException" message="java.lang.NullPointerException: Cannot invoke &amp;quot;Base.BasePage$RowNumber.rowNumber()&amp;quot; because &amp;quot;rows&amp;quot; is null">
      <![CDATA[java.lang.RuntimeException: java.lang.NullPointerException: Cannot invoke "Base.BasePage$RowNumber.rowNumber()" because "rows" is null
at java.base/java.util.ArrayList.forEach(ArrayList.java:1511)
Caused by: java.lang.NullPointerException: Cannot invoke "Base.BasePage$RowNumber.rowNumber()" because "rows" is null
at Base.BasePage.getData(BasePage.java:135)
... 25 more
... Removed 32 stack frames]]>
    </failure>
  </testcase> <!-- registration -->
</testsuite> <!-- Regression 1 -->
