<?xml version="1.0" encoding="UTF-8"?>
<!-- Generated by org.testng.reporters.JUnitXMLReporter -->
<testsuite ignored="0" hostname="DESKTOP-9M7TNVB" failures="0" tests="3" name="Default test" time="45.403" errors="0" timestamp="2022-11-09T19:06:12 IST">
  <testcase classname="www.logytalks.com.YopmailConfirm" name="emailConfirm" time="9.121"/>
  <testcase classname="www.logytalks.com.YopmailConfirm" name="emailConfirm" time="8.898"/>
  <testcase classname="www.logytalks.com.YopmailConfirm" name="emailConfirm" time="9.234"/>
</testsuite> <!-- Default test -->
