<?xml version="1.0" encoding="UTF-8"?>
<!-- Generated by org.testng.reporters.JUnitXMLReporter -->
<testsuite ignored="0" hostname="DESKTOP-9M7TNVB" failures="0" tests="3" name="Excel Test 1" time="46.166" errors="0" timestamp="2022-10-28T15:57:30 IST">
  <testcase classname="www.logytalks.com.LoginTest" name="loginCheck" time="6.571"/>
  <testcase classname="www.logytalks.com.LoginTest" name="loginCheck" time="7.143"/>
  <testcase classname="www.logytalks.com.LoginTest" name="loginCheck" time="6.671"/>
</testsuite> <!-- Excel Test 1 -->
