<?xml version="1.0" encoding="UTF-8"?>
<!-- Generated by org.testng.reporters.JUnitXMLReporter -->
<testsuite ignored="0" hostname="DESKTOP-9M7TNVB" failures="0" tests="3" name="Login Test" time="55.604" errors="0" timestamp="2022-11-09T16:12:30 IST">
  <testcase classname="www.logytalks.com.LoginTest" name="loginCheck" time="13.768"/>
  <testcase classname="www.logytalks.com.LoginTest" name="loginCheck" time="7.106"/>
  <testcase classname="www.logytalks.com.LoginTest" name="loginCheck" time="7.354"/>
</testsuite> <!-- Login Test -->
