<?xml version="1.0" encoding="UTF-8"?>
<!-- Generated by org.testng.reporters.JUnitXMLReporter -->
<testsuite ignored="0" hostname="DESKTOP-9M7TNVB" failures="0" tests="3" name="Login Test" time="45.561" errors="0" timestamp="2022-10-28T16:01:05 IST">
  <testcase classname="www.logytalks.com.LoginTest" name="loginCheck" time="6.571"/>
  <testcase classname="www.logytalks.com.LoginTest" name="loginCheck" time="6.022"/>
  <testcase classname="www.logytalks.com.LoginTest" name="loginCheck" time="7.89"/>
</testsuite> <!-- Login Test -->
