<?xml version="1.0" encoding="UTF-8"?>
<!-- Generated by org.testng.reporters.JUnitXMLReporter -->
<testsuite ignored="0" hostname="DESKTOP-9M7TNVB" failures="3" tests="3" name="Registration Test" time="64.514" errors="0" timestamp="2022-10-28T16:02:09 IST">
  <testcase classname="www.logytalks.com.RegistrationTest" name="registration" time="3.589">
    <failure type="java.lang.AssertionError" message="expected [https://logytalks-live.itechnolabs.tech/register] but found [https://logytalks-live.itechnolabs.tech/email/verify]">
      <![CDATA[java.lang.AssertionError: expected [https://logytalks-live.itechnolabs.tech/register] but found [https://logytalks-live.itechnolabs.tech/email/verify]
at www.logytalks.com.RegistrationTest.registration(RegistrationTest.java:84)
at java.base/java.util.concurrent.ThreadPoolExecutor.runWorker(ThreadPoolExecutor.java:1136)
at java.base/java.util.concurrent.ThreadPoolExecutor$Worker.run(ThreadPoolExecutor.java:635)
at java.base/java.lang.Thread.run(Thread.java:833)
... Removed 18 stack frames]]>
    </failure>
  </testcase> <!-- registration -->
  <testcase classname="www.logytalks.com.RegistrationTest" name="registration" time="2.805">
    <failure type="java.lang.AssertionError" message="expected [https://logytalks-live.itechnolabs.tech/register] but found [https://logytalks-live.itechnolabs.tech/email/verify]">
      <![CDATA[java.lang.AssertionError: expected [https://logytalks-live.itechnolabs.tech/register] but found [https://logytalks-live.itechnolabs.tech/email/verify]
at www.logytalks.com.RegistrationTest.registration(RegistrationTest.java:84)
at java.base/java.util.concurrent.ThreadPoolExecutor.runWorker(ThreadPoolExecutor.java:1136)
at java.base/java.util.concurrent.ThreadPoolExecutor$Worker.run(ThreadPoolExecutor.java:635)
at java.base/java.lang.Thread.run(Thread.java:833)
... Removed 18 stack frames]]>
    </failure>
  </testcase> <!-- registration -->
  <testcase classname="www.logytalks.com.RegistrationTest" name="registration" time="2.767">
    <failure type="java.lang.AssertionError" message="expected [https://logytalks-live.itechnolabs.tech/register] but found [https://logytalks-live.itechnolabs.tech/email/verify]">
      <![CDATA[java.lang.AssertionError: expected [https://logytalks-live.itechnolabs.tech/register] but found [https://logytalks-live.itechnolabs.tech/email/verify]
at www.logytalks.com.RegistrationTest.registration(RegistrationTest.java:84)
at java.base/java.util.concurrent.ThreadPoolExecutor.runWorker(ThreadPoolExecutor.java:1136)
at java.base/java.util.concurrent.ThreadPoolExecutor$Worker.run(ThreadPoolExecutor.java:635)
at java.base/java.lang.Thread.run(Thread.java:833)
... Removed 18 stack frames]]>
    </failure>
  </testcase> <!-- registration -->
</testsuite> <!-- Registration Test -->
