<?xml version="1.0" encoding="UTF-8"?>
<testng-results ignored="0" total="1" passed="1" failed="0" skipped="0">
  <reporter-output>
  </reporter-output>
  <suite started-at="2022-12-02T19:05:19 IST" name="Default suite" finished-at="2022-12-02T19:05:56 IST" duration-ms="37040">
    <groups>
    </groups>
    <test started-at="2022-12-02T19:05:19 IST" name="Default test" finished-at="2022-12-02T19:05:56 IST" duration-ms="37040">
      <class name="www.logytalks.com.CreatePublicConf">
        <test-method is-config="true" signature="setup()[pri:0, instance:www.logytalks.com.CreatePublicConf@6340e5f0]" started-at="2022-12-02T19:05:20 IST" name="setup" finished-at="2022-12-02T19:05:31 IST" duration-ms="10608" status="PASS">
          <reporter-output>
          </reporter-output>
        </test-method> <!-- setup -->
        <test-method signature="publicConference(java.lang.String,java.lang.String,java.lang.String,java.lang.String,java.lang.String,java.lang.String)[pri:0, instance:www.logytalks.com.CreatePublicConf@6340e5f0]" started-at="2022-12-02T19:05:31 IST" name="publicConference" data-provider="getData" finished-at="2022-12-02T19:05:55 IST" duration-ms="24503" status="PASS">
          <params>
            <param index="0">
              <value>
                <![CDATA[rahulsingh_456@yopmail.com]]>
              </value>
            </param>
            <param index="1">
              <value>
                <![CDATA[rahul@123]]>
              </value>
            </param>
            <param index="2">
              <value>
                <![CDATA[rahul@123]]>
              </value>
            </param>
            <param index="3">
              <value>
                <![CDATA[John]]>
              </value>
            </param>
            <param index="4">
              <value>
                <![CDATA[Dae]]>
              </value>
            </param>
            <param index="5">
              <value>
                <![CDATA[Testing]]>
              </value>
            </param>
          </params>
          <reporter-output>
          </reporter-output>
        </test-method> <!-- publicConference -->
        <test-method is-config="true" signature="tearDown()[pri:0, instance:www.logytalks.com.CreatePublicConf@6340e5f0]" started-at="2022-12-02T19:05:55 IST" name="tearDown" finished-at="2022-12-02T19:05:56 IST" duration-ms="495" status="PASS">
          <reporter-output>
          </reporter-output>
        </test-method> <!-- tearDown -->
      </class> <!-- www.logytalks.com.CreatePublicConf -->
    </test> <!-- Default test -->
  </suite> <!-- Default suite -->
</testng-results>
