<?xml version="1.0" encoding="UTF-8"?>
<testng-results ignored="0" total="3" passed="3" failed="0" skipped="0">
  <reporter-output>
  </reporter-output>
  <suite started-at="2022-11-09T19:05:26 IST" name="Default suite" finished-at="2022-11-09T19:06:12 IST" duration-ms="45403">
    <groups>
    </groups>
    <test started-at="2022-11-09T19:05:26 IST" name="Default test" finished-at="2022-11-09T19:06:12 IST" duration-ms="45403">
      <class name="www.logytalks.com.YopmailConfirm">
        <test-method is-config="true" signature="setup()[pri:0, instance:www.logytalks.com.YopmailConfirm@4d154ccd]" started-at="2022-11-09T19:05:28 IST" name="setup" finished-at="2022-11-09T19:05:34 IST" duration-ms="6132" status="PASS">
          <reporter-output>
          </reporter-output>
        </test-method> <!-- setup -->
        <test-method signature="emailConfirm(java.lang.String,java.lang.String,java.lang.String,java.lang.String,java.lang.String,java.lang.String)[pri:0, instance:www.logytalks.com.YopmailConfirm@4d154ccd]" started-at="2022-11-09T19:05:34 IST" name="emailConfirm" data-provider="getData" finished-at="2022-11-09T19:05:43 IST" duration-ms="9121" status="PASS">
          <params>
            <param index="0">
              <value>
                <![CDATA[rahulsingh7456@yopmail.com]]>
              </value>
            </param>
            <param index="1">
              <value>
                <![CDATA[rahul@123]]>
              </value>
            </param>
            <param index="2">
              <value>
                <![CDATA[rahul@123]]>
              </value>
            </param>
            <param index="3">
              <value>
                <![CDATA[Rahul]]>
              </value>
            </param>
            <param index="4">
              <value>
                <![CDATA[Dev]]>
              </value>
            </param>
            <param index="5">
              <value>
                <![CDATA[Testing]]>
              </value>
            </param>
          </params>
          <reporter-output>
          </reporter-output>
        </test-method> <!-- emailConfirm -->
        <test-method is-config="true" signature="tearDown()[pri:0, instance:www.logytalks.com.YopmailConfirm@4d154ccd]" started-at="2022-11-09T19:05:43 IST" name="tearDown" finished-at="2022-11-09T19:05:44 IST" duration-ms="490" status="PASS">
          <reporter-output>
          </reporter-output>
        </test-method> <!-- tearDown -->
        <test-method is-config="true" signature="setup()[pri:0, instance:www.logytalks.com.YopmailConfirm@4d154ccd]" started-at="2022-11-09T19:05:44 IST" name="setup" finished-at="2022-11-09T19:05:48 IST" duration-ms="4572" status="PASS">
          <reporter-output>
          </reporter-output>
        </test-method> <!-- setup -->
        <test-method signature="emailConfirm(java.lang.String,java.lang.String,java.lang.String,java.lang.String,java.lang.String,java.lang.String)[pri:0, instance:www.logytalks.com.YopmailConfirm@4d154ccd]" started-at="2022-11-09T19:05:48 IST" name="emailConfirm" data-provider="getData" finished-at="2022-11-09T19:05:57 IST" duration-ms="8898" status="PASS">
          <params>
            <param index="0">
              <value>
                <![CDATA[rahulsingh103@yopmail.com]]>
              </value>
            </param>
            <param index="1">
              <value>
                <![CDATA[rahul@123]]>
              </value>
            </param>
            <param index="2">
              <value>
                <![CDATA[rahul@123]]>
              </value>
            </param>
            <param index="3">
              <value>
                <![CDATA[John]]>
              </value>
            </param>
            <param index="4">
              <value>
                <![CDATA[Dae]]>
              </value>
            </param>
            <param index="5">
              <value>
                <![CDATA[Testing]]>
              </value>
            </param>
          </params>
          <reporter-output>
          </reporter-output>
        </test-method> <!-- emailConfirm -->
        <test-method is-config="true" signature="tearDown()[pri:0, instance:www.logytalks.com.YopmailConfirm@4d154ccd]" started-at="2022-11-09T19:05:57 IST" name="tearDown" finished-at="2022-11-09T19:05:57 IST" duration-ms="406" status="PASS">
          <reporter-output>
          </reporter-output>
        </test-method> <!-- tearDown -->
        <test-method is-config="true" signature="setup()[pri:0, instance:www.logytalks.com.YopmailConfirm@4d154ccd]" started-at="2022-11-09T19:05:57 IST" name="setup" finished-at="2022-11-09T19:06:02 IST" duration-ms="4714" status="PASS">
          <reporter-output>
          </reporter-output>
        </test-method> <!-- setup -->
        <test-method signature="emailConfirm(java.lang.String,java.lang.String,java.lang.String,java.lang.String,java.lang.String,java.lang.String)[pri:0, instance:www.logytalks.com.YopmailConfirm@4d154ccd]" started-at="2022-11-09T19:06:02 IST" name="emailConfirm" data-provider="getData" finished-at="2022-11-09T19:06:11 IST" duration-ms="9234" status="PASS">
          <params>
            <param index="0">
              <value>
                <![CDATA[rahulsingh2564@yopmail.com]]>
              </value>
            </param>
            <param index="1">
              <value>
                <![CDATA[rahul@123]]>
              </value>
            </param>
            <param index="2">
              <value>
                <![CDATA[rahul@123]]>
              </value>
            </param>
            <param index="3">
              <value>
                <![CDATA[Honey]]>
              </value>
            </param>
            <param index="4">
              <value>
                <![CDATA[Low]]>
              </value>
            </param>
            <param index="5">
              <value>
                <![CDATA[Testing]]>
              </value>
            </param>
          </params>
          <reporter-output>
          </reporter-output>
        </test-method> <!-- emailConfirm -->
        <test-method is-config="true" signature="tearDown()[pri:0, instance:www.logytalks.com.YopmailConfirm@4d154ccd]" started-at="2022-11-09T19:06:11 IST" name="tearDown" finished-at="2022-11-09T19:06:12 IST" duration-ms="404" status="PASS">
          <reporter-output>
          </reporter-output>
        </test-method> <!-- tearDown -->
      </class> <!-- www.logytalks.com.YopmailConfirm -->
    </test> <!-- Default test -->
  </suite> <!-- Default suite -->
</testng-results>
